<?xml version="1.0" encoding="UTF-8"?>
<!-- Generated by org.testng.reporters.JUnitXMLReporter -->
<testsuite ignored="0" hostname="Z51" failures="0" tests="5" name="Default test" time="32.982" errors="0" timestamp="2021-10-05T10:50:57 IST">
  <testcase classname="tests.LoginTest" name="login" time="7.997"/>
  <testcase classname="tests.LoginTest" name="login" time="6.188"/>
  <testcase classname="tests.FourTest" name="Fourtest" time="0.001"/>
  <testcase classname="tests.ThreeTest" name="Threetest" time="0.001"/>
  <testcase classname="tests.TwoTest" name="Twotest" time="0.004"/>
</testsuite> <!-- Default test -->
