<?xml version="1.0" encoding="UTF-8"?>
<testng-results ignored="0" total="2" passed="2" failed="0" skipped="0">
  <reporter-output>
  </reporter-output>
  <suite started-at="2021-10-22T12:37:16 IST" name="Default suite" finished-at="2021-10-22T12:37:58 IST" duration-ms="42152">
    <groups>
    </groups>
    <test started-at="2021-10-22T12:37:16 IST" name="Default test" finished-at="2021-10-22T12:37:58 IST" duration-ms="42152">
      <class name="Base.TestDemo1">
        <test-method signature="login(java.lang.String,java.lang.String,java.lang.String)[pri:0, instance:Base.TestDemo1@a530d0a]" started-at="2021-10-22T12:37:16 IST" name="login" data-provider="setData" finished-at="2021-10-22T12:37:45 IST" duration-ms="28637" status="PASS">
          <params>
            <param index="0">
              <value>
                <![CDATA[anandh1234@gmail.com]]>
              </value>
            </param>
            <param index="1">
              <value>
                <![CDATA[12345]]>
              </value>
            </param>
            <param index="2">
              <value>
                <![CDATA[Pass]]>
              </value>
            </param>
          </params>
          <reporter-output>
          </reporter-output>
        </test-method> <!-- login -->
        <test-method is-config="true" signature="clouser()[pri:0, instance:Base.TestDemo1@a530d0a]" started-at="2021-10-22T12:37:45 IST" name="clouser" finished-at="2021-10-22T12:37:45 IST" duration-ms="564" status="PASS">
          <reporter-output>
          </reporter-output>
        </test-method> <!-- clouser -->
        <test-method signature="login(java.lang.String,java.lang.String,java.lang.String)[pri:0, instance:Base.TestDemo1@a530d0a]" started-at="2021-10-22T12:37:45 IST" name="login" data-provider="setData" finished-at="2021-10-22T12:37:58 IST" duration-ms="12732" status="PASS">
          <params>
            <param index="0">
              <value>
                <![CDATA[anandh123@gmail.com]]>
              </value>
            </param>
            <param index="1">
              <value>
                <![CDATA[265779]]>
              </value>
            </param>
            <param index="2">
              <value>
                <![CDATA[Failure]]>
              </value>
            </param>
          </params>
          <reporter-output>
          </reporter-output>
        </test-method> <!-- login -->
        <test-method is-config="true" signature="clouser()[pri:0, instance:Base.TestDemo1@a530d0a]" started-at="2021-10-22T12:37:58 IST" name="clouser" finished-at="2021-10-22T12:37:58 IST" duration-ms="145" status="PASS">
          <reporter-output>
          </reporter-output>
        </test-method> <!-- clouser -->
      </class> <!-- Base.TestDemo1 -->
    </test> <!-- Default test -->
  </suite> <!-- Default suite -->
</testng-results>
