<?xml version="1.0" encoding="UTF-8"?>
<testng-results ignored="0" total="5" passed="5" failed="0" skipped="0">
  <reporter-output>
  </reporter-output>
  <suite started-at="2021-10-05T10:50:24 IST" name="Default suite" finished-at="2021-10-05T10:50:57 IST" duration-ms="32982">
    <groups>
    </groups>
    <test started-at="2021-10-05T10:50:24 IST" name="Default test" finished-at="2021-10-05T10:50:57 IST" duration-ms="32982">
      <class name="tests.LoginTest">
        <test-method is-config="true" signature="OpenApplication()[pri:0, instance:tests.LoginTest@2b91004a]" started-at="2021-10-05T10:50:24 IST" name="OpenApplication" finished-at="2021-10-05T10:50:33 IST" duration-ms="8699" status="PASS">
          <reporter-output>
          </reporter-output>
        </test-method> <!-- OpenApplication -->
        <test-method signature="login(java.lang.String, java.lang.String, java.lang.String)[pri:0, instance:tests.LoginTest@2b91004a]" started-at="2021-10-05T10:50:33 IST" name="login" data-provider="getlogindata" finished-at="2021-10-05T10:50:41 IST" duration-ms="7997" status="PASS">
          <params>
            <param index="0">
              <value>
                <![CDATA[dharshiniselvaraj23@gmail.com]]>
              </value>
            </param>
            <param index="1">
              <value>
                <![CDATA[Selvaraj23!]]>
              </value>
            </param>
            <param index="2">
              <value>
                <![CDATA[Successful]]>
              </value>
            </param>
          </params>
          <reporter-output>
          </reporter-output>
        </test-method> <!-- login -->
        <test-method is-config="true" signature="closure()[pri:0, instance:tests.LoginTest@2b91004a]" started-at="2021-10-05T10:50:41 IST" name="closure" finished-at="2021-10-05T10:50:42 IST" duration-ms="928" status="PASS">
          <reporter-output>
          </reporter-output>
        </test-method> <!-- closure -->
        <test-method is-config="true" signature="OpenApplication()[pri:0, instance:tests.LoginTest@2b91004a]" started-at="2021-10-05T10:50:42 IST" name="OpenApplication" finished-at="2021-10-05T10:50:51 IST" duration-ms="8779" status="PASS">
          <reporter-output>
          </reporter-output>
        </test-method> <!-- OpenApplication -->
        <test-method signature="login(java.lang.String, java.lang.String, java.lang.String)[pri:0, instance:tests.LoginTest@2b91004a]" started-at="2021-10-05T10:50:51 IST" name="login" data-provider="getlogindata" finished-at="2021-10-05T10:50:57 IST" duration-ms="6188" status="PASS">
          <params>
            <param index="0">
              <value>
                <![CDATA[dummy@gmail.com]]>
              </value>
            </param>
            <param index="1">
              <value>
                <![CDATA[ffhdfd]]>
              </value>
            </param>
            <param index="2">
              <value>
                <![CDATA[Failure]]>
              </value>
            </param>
          </params>
          <reporter-output>
          </reporter-output>
        </test-method> <!-- login -->
        <test-method is-config="true" signature="closure()[pri:0, instance:tests.LoginTest@2b91004a]" started-at="2021-10-05T10:50:57 IST" name="closure" finished-at="2021-10-05T10:50:57 IST" duration-ms="344" status="PASS">
          <reporter-output>
          </reporter-output>
        </test-method> <!-- closure -->
      </class> <!-- tests.LoginTest -->
      <class name="tests.FourTest">
        <test-method signature="Fourtest()[pri:0, instance:tests.FourTest@20ccf40b]" started-at="2021-10-05T10:50:57 IST" name="Fourtest" finished-at="2021-10-05T10:50:57 IST" duration-ms="1" status="PASS">
          <reporter-output>
          </reporter-output>
        </test-method> <!-- Fourtest -->
      </class> <!-- tests.FourTest -->
      <class name="tests.ThreeTest">
        <test-method signature="Threetest()[pri:0, instance:tests.ThreeTest@2fb3536e]" started-at="2021-10-05T10:50:57 IST" name="Threetest" finished-at="2021-10-05T10:50:57 IST" duration-ms="1" status="PASS">
          <reporter-output>
          </reporter-output>
        </test-method> <!-- Threetest -->
      </class> <!-- tests.ThreeTest -->
      <class name="tests.TwoTest">
        <test-method signature="Twotest()[pri:0, instance:tests.TwoTest@169e6180]" started-at="2021-10-05T10:50:57 IST" name="Twotest" finished-at="2021-10-05T10:50:57 IST" duration-ms="4" status="PASS">
          <reporter-output>
          </reporter-output>
        </test-method> <!-- Twotest -->
      </class> <!-- tests.TwoTest -->
    </test> <!-- Default test -->
  </suite> <!-- Default suite -->
</testng-results>
